<?xml version="1.0" encoding="UTF-8"?>
<!-- Generated by org.testng.reporters.JUnitReportReporter -->
<testsuite hostname="DESKTOP-30K6CA2" failures="0" tests="1" name="com.bridgelabz.FbSignUpLogin" time="44.045" errors="0" timestamp="2022-07-15T22:13:23 PDT" skipped="0">
  <testcase classname="com.bridgelabz.FbSignUpLogin" name="fbLogin" time="44.045"/>
  <system-out/>
</testsuite> <!-- com.bridgelabz.FbSignUpLogin -->
